#
# A fatal error has been detected by the Java Runtime Environment:
#
#  SIGBUS (0xa) at pc=0x000000010c5bb38e, pid=98546, tid=15875
#
# JRE version: OpenJDK Runtime Environment (16.0.1+9) (build 16.0.1+9-24)
# Java VM: OpenJDK 64-Bit Server VM (16.0.1+9-24, mixed mode, tiered, compressed oops, compressed class ptrs, g1 gc, bsd-amd64)
# Problematic frame:
# V  [libjvm.dylib+0x34038e]  _ZN12ConstantPool21impl_signature_ref_atEib+0x1e
#
# No core dump will be written. Core dumps have been disabled. To enable core dumping, try "ulimit -c unlimited" before starting Java again
#
# If you would like to submit a bug report, please visit:
#   https://bugreport.java.com/bugreport/crash.jsp
#

---------------  S U M M A R Y ------------

Command Line: -XX:+ShowCodeDetailsInExceptionMessages -agentlib:jdwp=transport=dt_socket,suspend=y,address=localhost:51967 -enableassertions -javaagent:/Applications/Eclipse.app/Contents/Eclipse/configuration/org.eclipse.osgi/667/0/.cp/lib/javaagent-shaded.jar -Dfile.encoding=UTF-8 NextWordOrSeparatorTest

Host: MacBookAir10,1 x86_64 2400 MHz, 8 cores, 8G, Darwin 21.1.0, macOS 10.16 (21A559)
Time: Wed Nov 17 11:13:15 2021 EST elapsed time: 347.208995 seconds (0d 0h 5m 47s)

---------------  T H R E A D  ---------------

Current thread (0x00007f988bf13ed0):  VMThread "VM Thread" [stack: 0x0000000309fba000,0x000000030a0ba000] [id=15875]

Stack: [0x0000000309fba000,0x000000030a0ba000],  sp=0x000000030a0b80e0,  free space=1016k
Native frames: (J=compiled Java code, A=aot compiled Java code, j=interpreted, Vv=VM code, C=native code)
V  [libjvm.dylib+0x34038e]  _ZN12ConstantPool21impl_signature_ref_atEib+0x1e
V  [libjvm.dylib+0x48a5c0]  _ZN14GenerateOopMap9do_methodEiiii+0x40
V  [libjvm.dylib+0x48517f]  _ZN14GenerateOopMap9interp_bbEP10BasicBlock+0xdf
V  [libjvm.dylib+0x484939]  _ZN14GenerateOopMap17do_interpretationEv+0x99
V  [libjvm.dylib+0x48b456]  _ZN14GenerateOopMap11compute_mapEP6Thread+0x1f6
V  [libjvm.dylib+0x885a5a]  _ZN19OopMapForCacheEntry11compute_mapEP6Thread+0x5a
V  [libjvm.dylib+0x88687f]  _ZN16OopMapCacheEntry4fillERK12methodHandlei+0xcf
V  [libjvm.dylib+0x887acb]  _ZN11OopMapCache19compute_one_oop_mapERK12methodHandleiP17InterpreterOopMap+0x6b
V  [libjvm.dylib+0x8347d6]  _ZN6Method8mask_forEiP17InterpreterOopMap+0x96
V  [libjvm.dylib+0xa6f11d]  _ZNK17interpretedVFrame10stack_dataEb+0x4d
V  [libjvm.dylib+0x6dbeb3]  _ZN16VM_GetOrSetLocal4doitEv+0x173
V  [libjvm.dylib+0xa828e6]  _ZN12VM_Operation8evaluateEv+0xd6
V  [libjvm.dylib+0xa87bc7]  _ZN8VMThread18evaluate_operationEP12VM_Operation+0x157
V  [libjvm.dylib+0xa88484]  _ZN8VMThread13inner_executeEP12VM_Operation+0x194
V  [libjvm.dylib+0xa8780c]  _ZN8VMThread3runEv+0xbc
V  [libjvm.dylib+0xa03851]  _ZN6Thread8call_runEv+0x71
V  [libjvm.dylib+0x892027]  _ZL19thread_native_entryP6Thread+0x157
C  [libsystem_pthread.dylib+0x6514]  _pthread_start+0x7d
C  [libsystem_pthread.dylib+0x202f]  thread_start+0xf


siginfo: si_signo: 10 (SIGBUS), si_code: 2 (BUS_ADRERR), si_addr: 0x00000001298720c8

Register to memory mapping:

RAX=0x0000000129840000 is pointing into metadata
RBX=0x000000030a0b8588 points into unknown readable memory: 0x00007f987c0562d0 | d0 62 05 7c 98 7f 00 00
RCX=0x00000000000320a0 is an unknown value
RDX=0x0 is NULL
RSP=0x000000030a0b80e0 points into unknown readable memory: 0x000000030a0b8570 | 70 85 0b 0a 03 00 00 00
RBP=0x000000030a0b80e0 points into unknown readable memory: 0x000000030a0b8570 | 70 85 0b 0a 03 00 00 00
RSI=0x0000000000001905 is an unknown value
RDI=0x000000012983b808 is pointing into metadata
R8 =0x0000000000000079 is an unknown value
R9 =0x0000000000000009 is an unknown value
R10=0x00007f987c0564b0 points into unknown readable memory: 0x4700000147000000 | 00 00 00 47 01 00 00 47
R11=0x00007f987c056618 points into unknown readable memory: 0x4700000147000000 | 00 00 00 47 01 00 00 47
R12=0x000000030a0b8710 points into unknown readable memory: 0x000000010ced7068 | 68 70 ed 0c 01 00 00 00
R13=0x0 is NULL
R14=0x0 is NULL
R15=0x0000000000000079 is an unknown value


Registers:
RAX=0x0000000129840000, RBX=0x000000030a0b8588, RCX=0x00000000000320a0, RDX=0x0000000000000000
RSP=0x000000030a0b80e0, RBP=0x000000030a0b80e0, RSI=0x0000000000001905, RDI=0x000000012983b808
R8 =0x0000000000000079, R9 =0x0000000000000009, R10=0x00007f987c0564b0, R11=0x00007f987c056618
R12=0x000000030a0b8710, R13=0x0000000000000000, R14=0x0000000000000000, R15=0x0000000000000079
RIP=0x000000010c5bb38e, EFLAGS=0x0000000000000207, ERR=0x0000000000000004
  TRAPNO=0x000000000000000e

Top of Stack: (sp=0x000000030a0b80e0)
0x000000030a0b80e0:   000000030a0b8570 000000010c7055c0
0x000000030a0b80f0:   0000000000000000 00006000025c40f0
0x000000030a0b8100:   000000030000000c 0000000000000000
0x000000030a0b8110:   000000030a0b8120 0000000100000003
0x000000030a0b8120:   2fffffff4fffffff 000000014fffffff
0x000000030a0b8130:   000000030a0b81c8 000000030a0b81c8
0x000000030a0b8140:   000000030a0b81b0 000000010c707281
0x000000030a0b8150:   000000030a0b81b0 00007f9890896468
0x000000030a0b8160:   0000001500000014 0000000000000015
0x000000030a0b8170:   0000000300000004 00007f98908900b0
0x000000030a0b8180:   0000000000000000 0000000000000001
0x000000030a0b8190:   000000030a0b8710 0000000000000000
0x000000030a0b81a0:   0000000000000000 000000000000007f
0x000000030a0b81b0:   000000030a0b8640 000000010c7057ad
0x000000030a0b81c0:   0000000000000004 00007f9890896468
0x000000030a0b81d0:   0000000300000004 0000000000000000
0x000000030a0b81e0:   000000030a0b81f0 0000000100000002
0x000000030a0b81f0:   4fffffff4fffffff 000000034fffffff
0x000000030a0b8200:   000000030a0b8270 000000010c707281
0x000000030a0b8210:   000000030a0b8270 00007f9890896468
0x000000030a0b8220:   0000001500000014 0000000000000015
0x000000030a0b8230:   0000000300000004 00007f98908900b0
0x000000030a0b8240:   0000000000000000 0000000000000001
0x000000030a0b8250:   000000030a0b87d0 0000000000000000
0x000000030a0b8260:   0000000000000000 000000000000007f
0x000000030a0b8270:   000000030a0b8700 000000010c7057ad
0x000000030a0b8280:   0000000000000000 00007f9890896468
0x000000030a0b8290:   0000000000000004 0000000000000000
0x000000030a0b82a0:   000000030a0b82b0 0000000000000002
0x000000030a0b82b0:   4fffffff4fffffff 000000004fffffff
0x000000030a0b82c0:   0000000000000000 0000000000000000
0x000000030a0b82d0:   0000000000000000 0000000000000000 

Instructions: (pc=0x000000010c5bb38e)
0x000000010c5bb28e:   48 8b 54 08 30 48 85 d2 74 15 48 83 c0 28 48 8b
0x000000010c5bb29e:   44 08 18 c1 e8 19 83 e0 01 5d c3 31 c0 5d c3 31
0x000000010c5bb2ae:   c0 5d c3 66 2e 0f 1f 84 00 00 00 00 00 0f 1f 44
0x000000010c5bb2be:   00 00 55 48 89 e5 85 d2 75 20 48 8b 47 10 48 85
0x000000010c5bb2ce:   c0 74 17 85 f6 79 02 f7 d6 48 63 ce 48 c1 e1 05
0x000000010c5bb2de:   48 8b 44 08 28 0f b7 c0 eb 16 48 8b 4f 08 48 63
0x000000010c5bb2ee:   c6 8a 4c 01 04 8d 51 ef 80 fa 02 72 03 80 f9 6a
0x000000010c5bb2fe:   48 8d 44 c7 48 48 83 c7 48 8b 00 48 c1 e8 0d 25
0x000000010c5bb30e:   f8 ff 07 00 0f b7 04 07 48 8b 04 c7 5d c3 0f 1f
0x000000010c5bb31e:   40 00 55 48 89 e5 48 63 c6 0f b7 44 c7 48 5d c3
0x000000010c5bb32e:   66 90 55 48 89 e5 85 d2 75 25 48 8b 47 10 48 85
0x000000010c5bb33e:   c0 74 1c 85 f6 79 02 f7 d6 48 63 ce 48 c1 e1 05
0x000000010c5bb34e:   48 8b 44 08 28 0f b7 c0 0f b7 44 c7 4a 5d c3 48
0x000000010c5bb35e:   8b 4f 08 48 63 c6 8a 4c 01 04 0f b7 44 c7 4a 5d
0x000000010c5bb36e:   c3 90 55 48 89 e5 85 d2 75 20 48 8b 47 10 48 85
0x000000010c5bb37e:   c0 74 17 85 f6 79 02 f7 d6 48 63 ce 48 c1 e1 05
0x000000010c5bb38e:   48 8b 44 08 28 0f b7 c0 eb 16 48 8b 4f 08 48 63
0x000000010c5bb39e:   c6 8a 4c 01 04 8d 51 ef 80 fa 02 72 03 80 f9 6a
0x000000010c5bb3ae:   48 8d 44 c7 48 48 83 c7 48 8b 00 48 c1 e8 0d 25
0x000000010c5bb3be:   f8 ff 07 00 8b 04 07 48 c1 e8 0d 25 f8 ff 07 00
0x000000010c5bb3ce:   48 8b 04 07 5d c3 66 2e 0f 1f 84 00 00 00 00 00
0x000000010c5bb3de:   66 90 55 48 89 e5 48 63 c6 0f b7 44 c7 4a 5d c3
0x000000010c5bb3ee:   66 90 55 48 89 e5 48 8b 47 10 48 63 ce 48 c1 e1
0x000000010c5bb3fe:   05 48 8b 44 08 28 0f b7 c0 5d c3 0f 1f 80 00 00
0x000000010c5bb40e:   00 00 55 48 89 e5 85 d2 75 1e 48 8b 47 10 48 85
0x000000010c5bb41e:   c0 74 15 85 f6 79 02 f7 d6 48 63 ce 48 c1 e1 05
0x000000010c5bb42e:   48 8b 44 08 28 0f b7 f0 48 8b 47 08 48 63 ce 8a
0x000000010c5bb43e:   44 08 04 5d c3 66 2e 0f 1f 84 00 00 00 00 00 0f
0x000000010c5bb44e:   1f 00 55 48 89 e5 41 57 41 56 53 50 41 89 d7 89
0x000000010c5bb45e:   f3 49 89 fe 85 f6 78 1f 45 84 ff 75 45 49 8b 46
0x000000010c5bb46e:   10 48 85 c0 74 3c 48 63 cb 48 c1 e1 05 48 8b 44
0x000000010c5bb47e:   08 28 0f b7 d8 eb 2b 48 8d 3d c0 aa 7c 00 48 8d 


Stack slot to memory mapping:
stack at sp + 0 slots: 0x000000030a0b8570 points into unknown readable memory: 0x000000030a0b85e0 | e0 85 0b 0a 03 00 00 00
stack at sp + 1 slots: 0x000000010c7055c0: _ZN14GenerateOopMap9do_methodEiiii+0x40 in /Applications/Eclipse.app/Contents/Eclipse/plugins/org.eclipse.justj.openjdk.hotspot.jre.full.macosx.x86_64_16.0.1.v20210528-1205/jre/lib/server/libjvm.dylib at 0x000000010c27b000
stack at sp + 2 slots: 0x0 is NULL
stack at sp + 3 slots: 0x00006000025c40f0 points into unknown readable memory: 0x4c28003b74220002 | 02 00 22 74 3b 00 28 4c
stack at sp + 4 slots: 0x000000030000000c is an unknown value
stack at sp + 5 slots: 0x0 is NULL
stack at sp + 6 slots: 0x000000030a0b8120 points into unknown readable memory: 0x2fffffff4fffffff | ff ff ff 4f ff ff ff 2f
stack at sp + 7 slots: 0x0000000100000003 is an unknown value

VM_Operation (0x000000030abe7a98): get/set locals, mode: safepoint, requested by thread 0x00007f987c009200


---------------  P R O C E S S  ---------------

Threads class SMR info:
_java_thread_list=0x00006000006cc5c0, length=14, elements={
0x00007f988c008e00, 0x00007f989d04e200, 0x00007f989d050400, 0x00007f989c00ca00,
0x00007f989c016000, 0x00007f989c014800, 0x00007f989c018400, 0x00007f989c027000,
0x00007f989c027600, 0x00007f988c0a2e00, 0x00007f987c009200, 0x00007f987c008200,
0x00007f987c008800, 0x00007f988c0a3c00
}

Java Threads: ( => current thread )
  0x00007f988c008e00 JavaThread "main" [_thread_blocked, id=7939, stack(0x00000003099a8000,0x0000000309aa8000)]
  0x00007f989d04e200 JavaThread "Reference Handler" daemon [_thread_blocked, id=43339, stack(0x000000030a0bd000,0x000000030a1bd000)]
  0x00007f989d050400 JavaThread "Finalizer" daemon [_thread_blocked, id=22275, stack(0x000000030a1c0000,0x000000030a2c0000)]
  0x00007f989c00ca00 JavaThread "Signal Dispatcher" daemon [_thread_blocked, id=40451, stack(0x000000030a3d3000,0x000000030a4d3000)]
  0x00007f989c016000 JavaThread "Service Thread" daemon [_thread_blocked, id=24067, stack(0x000000030a4d6000,0x000000030a5d6000)]
  0x00007f989c014800 JavaThread "Monitor Deflation Thread" daemon [_thread_blocked, id=24323, stack(0x000000030a5d9000,0x000000030a6d9000)]
  0x00007f989c018400 JavaThread "C2 CompilerThread0" daemon [_thread_blocked, id=39683, stack(0x000000030a6dc000,0x000000030a7dc000)]
  0x00007f989c027000 JavaThread "C1 CompilerThread0" daemon [_thread_blocked, id=39171, stack(0x000000030a7df000,0x000000030a8df000)]
  0x00007f989c027600 JavaThread "Sweeper thread" daemon [_thread_blocked, id=38915, stack(0x000000030a8e2000,0x000000030a9e2000)]
  0x00007f988c0a2e00 JavaThread "Common-Cleaner" daemon [_thread_blocked, id=38011, stack(0x000000030a9e5000,0x000000030aae5000)]
  0x00007f987c009200 JavaThread "JDWP Transport Listener: dt_socket" daemon [_thread_blocked, id=36611, stack(0x000000030aae8000,0x000000030abe8000)]
  0x00007f987c008200 JavaThread "JDWP Event Helper Thread" daemon [_thread_blocked, id=25091, stack(0x000000030abeb000,0x000000030aceb000)]
  0x00007f987c008800 JavaThread "JDWP Command Reader" daemon [_thread_in_native, id=25603, stack(0x000000030acee000,0x000000030adee000)]
  0x00007f988c0a3c00 JavaThread "Notification Thread" daemon [_thread_blocked, id=36191, stack(0x000000030adf1000,0x000000030aef1000)]

Other Threads:
=>0x00007f988bf13ed0 VMThread "VM Thread" [stack: 0x0000000309fba000,0x000000030a0ba000] [id=15875]
  0x00007f988bf1ff00 WatcherThread [stack: 0x000000030aef4000,0x000000030aff4000] [id=35843]
  0x00007f989c806ac0 GCTaskThread "GC Thread#0" [stack: 0x0000000309aab000,0x0000000309bab000] [id=13059]
  0x00007f988bf05770 ConcurrentGCThread "G1 Main Marker" [stack: 0x0000000309bae000,0x0000000309cae000] [id=13571]
  0x00007f988bf06050 ConcurrentGCThread "G1 Conc#0" [stack: 0x0000000309cb1000,0x0000000309db1000] [id=14339]
  0x00007f988bf11910 ConcurrentGCThread "G1 Refine#0" [stack: 0x0000000309db4000,0x0000000309eb4000] [id=14851]
  0x00007f989c8070d0 ConcurrentGCThread "G1 Service" [stack: 0x0000000309eb7000,0x0000000309fb7000] [id=15107]

Threads with active compile tasks:

VM state: at safepoint (normal execution)

VM Mutex/Monitor currently owned by a thread:  ([mutex/lock_event])
[0x00006000028f1900] Threads_lock - owner thread: 0x00007f988bf13ed0

Heap address: 0x0000000780000000, size: 2048 MB, Compressed Oops mode: Zero based, Oop shift amount: 3

CDS disabled.
Compressed class space mapped at: 0x0000000800000000-0x0000000840000000, reserved size: 1073741824
Narrow klass base: 0x0000000800000000, Narrow klass shift: 0, Narrow klass range: 0x40000000

GC Precious Log:
 CPUs: 8 total, 8 available
 Memory: 8192M
 Large Page Support: Disabled
 NUMA Support: Disabled
 Compressed Oops: Enabled (Zero based)
 Heap Region Size: 1M
 Heap Min Capacity: 8M
 Heap Initial Capacity: 128M
 Heap Max Capacity: 2G
 Pre-touch: Disabled
 Parallel Workers: 8
 Concurrent Workers: 2
 Concurrent Refinement Workers: 8
 Periodic GC: Disabled

Heap:
 garbage-first heap   total 131072K, used 5120K [0x0000000780000000, 0x0000000800000000)
  region size 1024K, 6 young (6144K), 0 survivors (0K)
 Metaspace       used 9342K, committed 9536K, reserved 1064960K
  class space    used 811K, committed 896K, reserved 1048576K

Heap Regions: E=young(eden), S=young(survivor), O=old, HS=humongous(starts), HC=humongous(continues), CS=collection set, F=free, OA=open archive, CA=closed archive, TAMS=top-at-mark-start (previous, next)
|   0|0x0000000780000000, 0x0000000780000000, 0x0000000780100000|  0%| F|  |TAMS 0x0000000780000000, 0x0000000780000000| Untracked 
|   1|0x0000000780100000, 0x0000000780100000, 0x0000000780200000|  0%| F|  |TAMS 0x0000000780100000, 0x0000000780100000| Untracked 
|   2|0x0000000780200000, 0x0000000780200000, 0x0000000780300000|  0%| F|  |TAMS 0x0000000780200000, 0x0000000780200000| Untracked 
|   3|0x0000000780300000, 0x0000000780300000, 0x0000000780400000|  0%| F|  |TAMS 0x0000000780300000, 0x0000000780300000| Untracked 
|   4|0x0000000780400000, 0x0000000780400000, 0x0000000780500000|  0%| F|  |TAMS 0x0000000780400000, 0x0000000780400000| Untracked 
|   5|0x0000000780500000, 0x0000000780500000, 0x0000000780600000|  0%| F|  |TAMS 0x0000000780500000, 0x0000000780500000| Untracked 
|   6|0x0000000780600000, 0x0000000780600000, 0x0000000780700000|  0%| F|  |TAMS 0x0000000780600000, 0x0000000780600000| Untracked 
|   7|0x0000000780700000, 0x0000000780700000, 0x0000000780800000|  0%| F|  |TAMS 0x0000000780700000, 0x0000000780700000| Untracked 
|   8|0x0000000780800000, 0x0000000780800000, 0x0000000780900000|  0%| F|  |TAMS 0x0000000780800000, 0x0000000780800000| Untracked 
|   9|0x0000000780900000, 0x0000000780900000, 0x0000000780a00000|  0%| F|  |TAMS 0x0000000780900000, 0x0000000780900000| Untracked 
|  10|0x0000000780a00000, 0x0000000780a00000, 0x0000000780b00000|  0%| F|  |TAMS 0x0000000780a00000, 0x0000000780a00000| Untracked 
|  11|0x0000000780b00000, 0x0000000780b00000, 0x0000000780c00000|  0%| F|  |TAMS 0x0000000780b00000, 0x0000000780b00000| Untracked 
|  12|0x0000000780c00000, 0x0000000780c00000, 0x0000000780d00000|  0%| F|  |TAMS 0x0000000780c00000, 0x0000000780c00000| Untracked 
|  13|0x0000000780d00000, 0x0000000780d00000, 0x0000000780e00000|  0%| F|  |TAMS 0x0000000780d00000, 0x0000000780d00000| Untracked 
|  14|0x0000000780e00000, 0x0000000780e00000, 0x0000000780f00000|  0%| F|  |TAMS 0x0000000780e00000, 0x0000000780e00000| Untracked 
|  15|0x0000000780f00000, 0x0000000780f00000, 0x0000000781000000|  0%| F|  |TAMS 0x0000000780f00000, 0x0000000780f00000| Untracked 
|  16|0x0000000781000000, 0x0000000781000000, 0x0000000781100000|  0%| F|  |TAMS 0x0000000781000000, 0x0000000781000000| Untracked 
|  17|0x0000000781100000, 0x0000000781100000, 0x0000000781200000|  0%| F|  |TAMS 0x0000000781100000, 0x0000000781100000| Untracked 
|  18|0x0000000781200000, 0x0000000781200000, 0x0000000781300000|  0%| F|  |TAMS 0x0000000781200000, 0x0000000781200000| Untracked 
|  19|0x0000000781300000, 0x0000000781300000, 0x0000000781400000|  0%| F|  |TAMS 0x0000000781300000, 0x0000000781300000| Untracked 
|  20|0x0000000781400000, 0x0000000781400000, 0x0000000781500000|  0%| F|  |TAMS 0x0000000781400000, 0x0000000781400000| Untracked 
|  21|0x0000000781500000, 0x0000000781500000, 0x0000000781600000|  0%| F|  |TAMS 0x0000000781500000, 0x0000000781500000| Untracked 
|  22|0x0000000781600000, 0x0000000781600000, 0x0000000781700000|  0%| F|  |TAMS 0x0000000781600000, 0x0000000781600000| Untracked 
|  23|0x0000000781700000, 0x0000000781700000, 0x0000000781800000|  0%| F|  |TAMS 0x0000000781700000, 0x0000000781700000| Untracked 
|  24|0x0000000781800000, 0x0000000781800000, 0x0000000781900000|  0%| F|  |TAMS 0x0000000781800000, 0x0000000781800000| Untracked 
|  25|0x0000000781900000, 0x0000000781900000, 0x0000000781a00000|  0%| F|  |TAMS 0x0000000781900000, 0x0000000781900000| Untracked 
|  26|0x0000000781a00000, 0x0000000781a00000, 0x0000000781b00000|  0%| F|  |TAMS 0x0000000781a00000, 0x0000000781a00000| Untracked 
|  27|0x0000000781b00000, 0x0000000781b00000, 0x0000000781c00000|  0%| F|  |TAMS 0x0000000781b00000, 0x0000000781b00000| Untracked 
|  28|0x0000000781c00000, 0x0000000781c00000, 0x0000000781d00000|  0%| F|  |TAMS 0x0000000781c00000, 0x0000000781c00000| Untracked 
|  29|0x0000000781d00000, 0x0000000781d00000, 0x0000000781e00000|  0%| F|  |TAMS 0x0000000781d00000, 0x0000000781d00000| Untracked 
|  30|0x0000000781e00000, 0x0000000781e00000, 0x0000000781f00000|  0%| F|  |TAMS 0x0000000781e00000, 0x0000000781e00000| Untracked 
|  31|0x0000000781f00000, 0x0000000781f00000, 0x0000000782000000|  0%| F|  |TAMS 0x0000000781f00000, 0x0000000781f00000| Untracked 
|  32|0x0000000782000000, 0x0000000782000000, 0x0000000782100000|  0%| F|  |TAMS 0x0000000782000000, 0x0000000782000000| Untracked 
|  33|0x0000000782100000, 0x0000000782100000, 0x0000000782200000|  0%| F|  |TAMS 0x0000000782100000, 0x0000000782100000| Untracked 
|  34|0x0000000782200000, 0x0000000782200000, 0x0000000782300000|  0%| F|  |TAMS 0x0000000782200000, 0x0000000782200000| Untracked 
|  35|0x0000000782300000, 0x0000000782300000, 0x0000000782400000|  0%| F|  |TAMS 0x0000000782300000, 0x0000000782300000| Untracked 
|  36|0x0000000782400000, 0x0000000782400000, 0x0000000782500000|  0%| F|  |TAMS 0x0000000782400000, 0x0000000782400000| Untracked 
|  37|0x0000000782500000, 0x0000000782500000, 0x0000000782600000|  0%| F|  |TAMS 0x0000000782500000, 0x0000000782500000| Untracked 
|  38|0x0000000782600000, 0x0000000782600000, 0x0000000782700000|  0%| F|  |TAMS 0x0000000782600000, 0x0000000782600000| Untracked 
|  39|0x0000000782700000, 0x0000000782700000, 0x0000000782800000|  0%| F|  |TAMS 0x0000000782700000, 0x0000000782700000| Untracked 
|  40|0x0000000782800000, 0x0000000782800000, 0x0000000782900000|  0%| F|  |TAMS 0x0000000782800000, 0x0000000782800000| Untracked 
|  41|0x0000000782900000, 0x0000000782900000, 0x0000000782a00000|  0%| F|  |TAMS 0x0000000782900000, 0x0000000782900000| Untracked 
|  42|0x0000000782a00000, 0x0000000782a00000, 0x0000000782b00000|  0%| F|  |TAMS 0x0000000782a00000, 0x0000000782a00000| Untracked 
|  43|0x0000000782b00000, 0x0000000782b00000, 0x0000000782c00000|  0%| F|  |TAMS 0x0000000782b00000, 0x0000000782b00000| Untracked 
|  44|0x0000000782c00000, 0x0000000782c00000, 0x0000000782d00000|  0%| F|  |TAMS 0x0000000782c00000, 0x0000000782c00000| Untracked 
|  45|0x0000000782d00000, 0x0000000782d00000, 0x0000000782e00000|  0%| F|  |TAMS 0x0000000782d00000, 0x0000000782d00000| Untracked 
|  46|0x0000000782e00000, 0x0000000782e00000, 0x0000000782f00000|  0%| F|  |TAMS 0x0000000782e00000, 0x0000000782e00000| Untracked 
|  47|0x0000000782f00000, 0x0000000782f00000, 0x0000000783000000|  0%| F|  |TAMS 0x0000000782f00000, 0x0000000782f00000| Untracked 
|  48|0x0000000783000000, 0x0000000783000000, 0x0000000783100000|  0%| F|  |TAMS 0x0000000783000000, 0x0000000783000000| Untracked 
|  49|0x0000000783100000, 0x0000000783100000, 0x0000000783200000|  0%| F|  |TAMS 0x0000000783100000, 0x0000000783100000| Untracked 
|  50|0x0000000783200000, 0x0000000783200000, 0x0000000783300000|  0%| F|  |TAMS 0x0000000783200000, 0x0000000783200000| Untracked 
|  51|0x0000000783300000, 0x0000000783300000, 0x0000000783400000|  0%| F|  |TAMS 0x0000000783300000, 0x0000000783300000| Untracked 
|  52|0x0000000783400000, 0x0000000783400000, 0x0000000783500000|  0%| F|  |TAMS 0x0000000783400000, 0x0000000783400000| Untracked 
|  53|0x0000000783500000, 0x0000000783500000, 0x0000000783600000|  0%| F|  |TAMS 0x0000000783500000, 0x0000000783500000| Untracked 
|  54|0x0000000783600000, 0x0000000783600000, 0x0000000783700000|  0%| F|  |TAMS 0x0000000783600000, 0x0000000783600000| Untracked 
|  55|0x0000000783700000, 0x0000000783700000, 0x0000000783800000|  0%| F|  |TAMS 0x0000000783700000, 0x0000000783700000| Untracked 
|  56|0x0000000783800000, 0x0000000783800000, 0x0000000783900000|  0%| F|  |TAMS 0x0000000783800000, 0x0000000783800000| Untracked 
|  57|0x0000000783900000, 0x0000000783900000, 0x0000000783a00000|  0%| F|  |TAMS 0x0000000783900000, 0x0000000783900000| Untracked 
|  58|0x0000000783a00000, 0x0000000783a00000, 0x0000000783b00000|  0%| F|  |TAMS 0x0000000783a00000, 0x0000000783a00000| Untracked 
|  59|0x0000000783b00000, 0x0000000783b00000, 0x0000000783c00000|  0%| F|  |TAMS 0x0000000783b00000, 0x0000000783b00000| Untracked 
|  60|0x0000000783c00000, 0x0000000783c00000, 0x0000000783d00000|  0%| F|  |TAMS 0x0000000783c00000, 0x0000000783c00000| Untracked 
|  61|0x0000000783d00000, 0x0000000783d00000, 0x0000000783e00000|  0%| F|  |TAMS 0x0000000783d00000, 0x0000000783d00000| Untracked 
|  62|0x0000000783e00000, 0x0000000783e00000, 0x0000000783f00000|  0%| F|  |TAMS 0x0000000783e00000, 0x0000000783e00000| Untracked 
|  63|0x0000000783f00000, 0x0000000783f00000, 0x0000000784000000|  0%| F|  |TAMS 0x0000000783f00000, 0x0000000783f00000| Untracked 
|  64|0x0000000784000000, 0x0000000784000000, 0x0000000784100000|  0%| F|  |TAMS 0x0000000784000000, 0x0000000784000000| Untracked 
|  65|0x0000000784100000, 0x0000000784100000, 0x0000000784200000|  0%| F|  |TAMS 0x0000000784100000, 0x0000000784100000| Untracked 
|  66|0x0000000784200000, 0x0000000784200000, 0x0000000784300000|  0%| F|  |TAMS 0x0000000784200000, 0x0000000784200000| Untracked 
|  67|0x0000000784300000, 0x0000000784300000, 0x0000000784400000|  0%| F|  |TAMS 0x0000000784300000, 0x0000000784300000| Untracked 
|  68|0x0000000784400000, 0x0000000784400000, 0x0000000784500000|  0%| F|  |TAMS 0x0000000784400000, 0x0000000784400000| Untracked 
|  69|0x0000000784500000, 0x0000000784500000, 0x0000000784600000|  0%| F|  |TAMS 0x0000000784500000, 0x0000000784500000| Untracked 
|  70|0x0000000784600000, 0x0000000784600000, 0x0000000784700000|  0%| F|  |TAMS 0x0000000784600000, 0x0000000784600000| Untracked 
|  71|0x0000000784700000, 0x0000000784700000, 0x0000000784800000|  0%| F|  |TAMS 0x0000000784700000, 0x0000000784700000| Untracked 
|  72|0x0000000784800000, 0x0000000784800000, 0x0000000784900000|  0%| F|  |TAMS 0x0000000784800000, 0x0000000784800000| Untracked 
|  73|0x0000000784900000, 0x0000000784900000, 0x0000000784a00000|  0%| F|  |TAMS 0x0000000784900000, 0x0000000784900000| Untracked 
|  74|0x0000000784a00000, 0x0000000784a00000, 0x0000000784b00000|  0%| F|  |TAMS 0x0000000784a00000, 0x0000000784a00000| Untracked 
|  75|0x0000000784b00000, 0x0000000784b00000, 0x0000000784c00000|  0%| F|  |TAMS 0x0000000784b00000, 0x0000000784b00000| Untracked 
|  76|0x0000000784c00000, 0x0000000784c00000, 0x0000000784d00000|  0%| F|  |TAMS 0x0000000784c00000, 0x0000000784c00000| Untracked 
|  77|0x0000000784d00000, 0x0000000784d00000, 0x0000000784e00000|  0%| F|  |TAMS 0x0000000784d00000, 0x0000000784d00000| Untracked 
|  78|0x0000000784e00000, 0x0000000784e00000, 0x0000000784f00000|  0%| F|  |TAMS 0x0000000784e00000, 0x0000000784e00000| Untracked 
|  79|0x0000000784f00000, 0x0000000784f00000, 0x0000000785000000|  0%| F|  |TAMS 0x0000000784f00000, 0x0000000784f00000| Untracked 
|  80|0x0000000785000000, 0x0000000785000000, 0x0000000785100000|  0%| F|  |TAMS 0x0000000785000000, 0x0000000785000000| Untracked 
|  81|0x0000000785100000, 0x0000000785100000, 0x0000000785200000|  0%| F|  |TAMS 0x0000000785100000, 0x0000000785100000| Untracked 
|  82|0x0000000785200000, 0x0000000785200000, 0x0000000785300000|  0%| F|  |TAMS 0x0000000785200000, 0x0000000785200000| Untracked 
|  83|0x0000000785300000, 0x0000000785300000, 0x0000000785400000|  0%| F|  |TAMS 0x0000000785300000, 0x0000000785300000| Untracked 
|  84|0x0000000785400000, 0x0000000785400000, 0x0000000785500000|  0%| F|  |TAMS 0x0000000785400000, 0x0000000785400000| Untracked 
|  85|0x0000000785500000, 0x0000000785500000, 0x0000000785600000|  0%| F|  |TAMS 0x0000000785500000, 0x0000000785500000| Untracked 
|  86|0x0000000785600000, 0x0000000785600000, 0x0000000785700000|  0%| F|  |TAMS 0x0000000785600000, 0x0000000785600000| Untracked 
|  87|0x0000000785700000, 0x0000000785700000, 0x0000000785800000|  0%| F|  |TAMS 0x0000000785700000, 0x0000000785700000| Untracked 
|  88|0x0000000785800000, 0x0000000785800000, 0x0000000785900000|  0%| F|  |TAMS 0x0000000785800000, 0x0000000785800000| Untracked 
|  89|0x0000000785900000, 0x0000000785900000, 0x0000000785a00000|  0%| F|  |TAMS 0x0000000785900000, 0x0000000785900000| Untracked 
|  90|0x0000000785a00000, 0x0000000785a00000, 0x0000000785b00000|  0%| F|  |TAMS 0x0000000785a00000, 0x0000000785a00000| Untracked 
|  91|0x0000000785b00000, 0x0000000785b00000, 0x0000000785c00000|  0%| F|  |TAMS 0x0000000785b00000, 0x0000000785b00000| Untracked 
|  92|0x0000000785c00000, 0x0000000785c00000, 0x0000000785d00000|  0%| F|  |TAMS 0x0000000785c00000, 0x0000000785c00000| Untracked 
|  93|0x0000000785d00000, 0x0000000785d00000, 0x0000000785e00000|  0%| F|  |TAMS 0x0000000785d00000, 0x0000000785d00000| Untracked 
|  94|0x0000000785e00000, 0x0000000785e00000, 0x0000000785f00000|  0%| F|  |TAMS 0x0000000785e00000, 0x0000000785e00000| Untracked 
|  95|0x0000000785f00000, 0x0000000785f00000, 0x0000000786000000|  0%| F|  |TAMS 0x0000000785f00000, 0x0000000785f00000| Untracked 
|  96|0x0000000786000000, 0x0000000786000000, 0x0000000786100000|  0%| F|  |TAMS 0x0000000786000000, 0x0000000786000000| Untracked 
|  97|0x0000000786100000, 0x0000000786100000, 0x0000000786200000|  0%| F|  |TAMS 0x0000000786100000, 0x0000000786100000| Untracked 
|  98|0x0000000786200000, 0x0000000786200000, 0x0000000786300000|  0%| F|  |TAMS 0x0000000786200000, 0x0000000786200000| Untracked 
|  99|0x0000000786300000, 0x0000000786300000, 0x0000000786400000|  0%| F|  |TAMS 0x0000000786300000, 0x0000000786300000| Untracked 
| 100|0x0000000786400000, 0x0000000786400000, 0x0000000786500000|  0%| F|  |TAMS 0x0000000786400000, 0x0000000786400000| Untracked 
| 101|0x0000000786500000, 0x0000000786500000, 0x0000000786600000|  0%| F|  |TAMS 0x0000000786500000, 0x0000000786500000| Untracked 
| 102|0x0000000786600000, 0x0000000786600000, 0x0000000786700000|  0%| F|  |TAMS 0x0000000786600000, 0x0000000786600000| Untracked 
| 103|0x0000000786700000, 0x0000000786700000, 0x0000000786800000|  0%| F|  |TAMS 0x0000000786700000, 0x0000000786700000| Untracked 
| 104|0x0000000786800000, 0x0000000786800000, 0x0000000786900000|  0%| F|  |TAMS 0x0000000786800000, 0x0000000786800000| Untracked 
| 105|0x0000000786900000, 0x0000000786900000, 0x0000000786a00000|  0%| F|  |TAMS 0x0000000786900000, 0x0000000786900000| Untracked 
| 106|0x0000000786a00000, 0x0000000786a00000, 0x0000000786b00000|  0%| F|  |TAMS 0x0000000786a00000, 0x0000000786a00000| Untracked 
| 107|0x0000000786b00000, 0x0000000786b00000, 0x0000000786c00000|  0%| F|  |TAMS 0x0000000786b00000, 0x0000000786b00000| Untracked 
| 108|0x0000000786c00000, 0x0000000786c00000, 0x0000000786d00000|  0%| F|  |TAMS 0x0000000786c00000, 0x0000000786c00000| Untracked 
| 109|0x0000000786d00000, 0x0000000786d00000, 0x0000000786e00000|  0%| F|  |TAMS 0x0000000786d00000, 0x0000000786d00000| Untracked 
| 110|0x0000000786e00000, 0x0000000786e00000, 0x0000000786f00000|  0%| F|  |TAMS 0x0000000786e00000, 0x0000000786e00000| Untracked 
| 111|0x0000000786f00000, 0x0000000786f00000, 0x0000000787000000|  0%| F|  |TAMS 0x0000000786f00000, 0x0000000786f00000| Untracked 
| 112|0x0000000787000000, 0x0000000787000000, 0x0000000787100000|  0%| F|  |TAMS 0x0000000787000000, 0x0000000787000000| Untracked 
| 113|0x0000000787100000, 0x0000000787100000, 0x0000000787200000|  0%| F|  |TAMS 0x0000000787100000, 0x0000000787100000| Untracked 
| 114|0x0000000787200000, 0x0000000787200000, 0x0000000787300000|  0%| F|  |TAMS 0x0000000787200000, 0x0000000787200000| Untracked 
| 115|0x0000000787300000, 0x0000000787300000, 0x0000000787400000|  0%| F|  |TAMS 0x0000000787300000, 0x0000000787300000| Untracked 
| 116|0x0000000787400000, 0x0000000787400000, 0x0000000787500000|  0%| F|  |TAMS 0x0000000787400000, 0x0000000787400000| Untracked 
| 117|0x0000000787500000, 0x0000000787500000, 0x0000000787600000|  0%| F|  |TAMS 0x0000000787500000, 0x0000000787500000| Untracked 
| 118|0x0000000787600000, 0x0000000787600000, 0x0000000787700000|  0%| F|  |TAMS 0x0000000787600000, 0x0000000787600000| Untracked 
| 119|0x0000000787700000, 0x0000000787700000, 0x0000000787800000|  0%| F|  |TAMS 0x0000000787700000, 0x0000000787700000| Untracked 
| 120|0x0000000787800000, 0x0000000787800000, 0x0000000787900000|  0%| F|  |TAMS 0x0000000787800000, 0x0000000787800000| Untracked 
| 121|0x0000000787900000, 0x0000000787900000, 0x0000000787a00000|  0%| F|  |TAMS 0x0000000787900000, 0x0000000787900000| Untracked 
| 122|0x0000000787a00000, 0x0000000787aec3d0, 0x0000000787b00000| 92%| E|  |TAMS 0x0000000787a00000, 0x0000000787a00000| Complete 
| 123|0x0000000787b00000, 0x0000000787c00000, 0x0000000787c00000|100%| E|CS|TAMS 0x0000000787b00000, 0x0000000787b00000| Complete 
| 124|0x0000000787c00000, 0x0000000787d00000, 0x0000000787d00000|100%| E|CS|TAMS 0x0000000787c00000, 0x0000000787c00000| Complete 
| 125|0x0000000787d00000, 0x0000000787e00000, 0x0000000787e00000|100%| E|CS|TAMS 0x0000000787d00000, 0x0000000787d00000| Complete 
| 126|0x0000000787e00000, 0x0000000787f00000, 0x0000000787f00000|100%| E|CS|TAMS 0x0000000787e00000, 0x0000000787e00000| Complete 
| 127|0x0000000787f00000, 0x0000000788000000, 0x0000000788000000|100%| E|CS|TAMS 0x0000000787f00000, 0x0000000787f00000| Complete 

Card table byte_map: [0x000000010b9fa000,0x000000010bdfa000] _byte_map_base: 0x0000000107dfa000

Marking Bits (Prev, Next): (CMBitMap*) 0x00007f988c008610, (CMBitMap*) 0x00007f988c008650
 Prev Bits: [0x0000000120f64000, 0x0000000122f64000)
 Next Bits: [0x0000000122f64000, 0x0000000124f64000)

Polling page: 0x0000000102bad000

Metaspace:

Usage:
  Non-class:      8.33 MB used.
      Class:    811.12 KB used.
       Both:      9.12 MB used.

Virtual space:
  Non-class space:       16.00 MB reserved,       8.44 MB ( 53%) committed,  2 nodes.
      Class space:        1.00 GB reserved,     896.00 KB ( <1%) committed,  1 nodes.
              Both:        1.02 GB reserved,       9.31 MB ( <1%) committed. 

Chunk freelists:
   Non-Class:  2.67 MB
       Class:  3.08 MB
        Both:  5.75 MB

MaxMetaspaceSize: 17179869184.00 GB
CompressedClassSpaceSize: 1.00 GB
 - commit_granule_bytes: 65536.
 - commit_granule_words: 8192.
 - virtual_space_node_default_size: 1048576.
 - enlarge_chunks_in_place: 1.
 - new_chunks_are_fully_committed: 0.
 - uncommit_free_chunks: 1.
 - use_allocation_guard: 0.
 - handle_deallocations: 1.


Internal statistics:

num_allocs_failed_limit: 0.
num_arena_births: 10.
num_arena_deaths: 0.
num_vsnodes_births: 3.
num_vsnodes_deaths: 0.
num_space_committed: 149.
num_space_uncommitted: 0.
num_chunks_returned_to_freelist: 0.
num_chunks_taken_from_freelist: 58.
num_chunk_merges: 0.
num_chunk_splits: 22.
num_chunks_enlarged: 15.
num_purges: 0.

CodeHeap 'non-profiled nmethods': size=120028Kb used=139Kb max_used=139Kb free=119888Kb
 bounds [0x0000000119a2d000, 0x0000000119c9d000, 0x0000000120f64000]
CodeHeap 'profiled nmethods': size=120028Kb used=604Kb max_used=604Kb free=119423Kb
 bounds [0x00000001124f6000, 0x0000000112766000, 0x0000000119a2d000]
CodeHeap 'non-nmethods': size=5704Kb used=1175Kb max_used=1192Kb free=4528Kb
 bounds [0x0000000111f64000, 0x00000001121d4000, 0x00000001124f6000]
 total_blobs=848 nmethods=451 adapters=312
 compilation: enabled
              stopped_count=0, restarted_count=0
 full_count=0

Compilation events (20 events):
Event: 55.309 Thread 0x00007f989c027000  445       3       org.eclipse.jdt.launching.internal.org.objectweb.asm.ClassReader::readStringish (16 bytes)
Event: 55.309 Thread 0x00007f989c027000 nmethod 445 0x000000011258b410 code [0x000000011258b5e0, 0x000000011258b900]
Event: 183.671 Thread 0x00007f989c027000  446       3       org.eclipse.jdt.launching.internal.org.objectweb.asm.SymbolTable::addConstantUtf8Reference (20 bytes)
Event: 183.671 Thread 0x00007f989c018400  447       4       java.lang.StringUTF16::compress (50 bytes)
Event: 183.671 Thread 0x00007f989c027000 nmethod 446 0x000000011258ba90 code [0x000000011258bc60, 0x000000011258bf20]
Event: 183.671 Thread 0x00007f989c027000  448       3       org.eclipse.jdt.launching.internal.org.objectweb.asm.SymbolTable::addConstantMemberReference (29 bytes)
Event: 183.671 Thread 0x00007f989c027000 nmethod 448 0x000000011258c110 code [0x000000011258c300, 0x000000011258c6a0]
Event: 183.671 Thread 0x00007f989c027000  449       3       org.eclipse.jdt.launching.internal.org.objectweb.asm.SymbolTable::hash (20 bytes)
Event: 183.671 Thread 0x00007f989c027000 nmethod 449 0x000000011258c990 code [0x000000011258cb60, 0x000000011258cd40]
Event: 183.676 Thread 0x00007f989c018400 nmethod 447 0x0000000119a4f390 code [0x0000000119a4f520, 0x0000000119a4fa18]
Event: 294.641 Thread 0x00007f989c027000  450       3       org.eclipse.jdt.launching.internal.org.objectweb.asm.SymbolTable::addConstantNameAndType (28 bytes)
Event: 294.641 Thread 0x00007f989c018400  452       4       org.eclipse.jdt.launching.internal.org.objectweb.asm.ClassReader::readUtf (161 bytes)
Event: 294.643 Thread 0x00007f989c027000 

Event: 294.643 Thread 0x00007f989c027000  451       3       org.eclipse.jdt.launching.internal.org.objectweb.asm.SymbolTable::hash (15 bytes)
Event: 294.643 Thread 0x00007f989c027000 nmethod 451 0x000000011258cf10 code [0x000000011258d0c0, 0x000000011258d250]
Event: 294.655 Thread 0x00007f989c018400 

Event: 294.655 Thread 0x00007f989c018400  453       4       org.eclipse.jdt.launching.internal.org.objectweb.asm.ClassReader::getItem (7 bytes)
Event: 294.655 Thread 0x00007f989c018400 nmethod 453 0x0000000119a4fb90 code [0x0000000119a4fd20, 0x0000000119a4fdf8]
Event: 305.500 Thread 0x00007f989c018400  454       4       org.eclipse.jdt.launching.internal.org.objectweb.asm.ClassReader::readUtf (161 bytes)
Event: 305.509 Thread 0x00007f989c018400 


GC Heap History (0 events):
No events

Deoptimization events (20 events):
Event: 0.411 Thread 0x00007f988c008e00 DEOPT PACKING pc=0x000000011256ec6e sp=0x0000000309aa3410
Event: 0.411 Thread 0x00007f988c008e00 DEOPT UNPACKING pc=0x0000000111fb1b9b sp=0x0000000309aa2898 mode 0
Event: 0.412 Thread 0x00007f988c008e00 DEOPT PACKING pc=0x000000011256ec6e sp=0x0000000309aa3410
Event: 0.412 Thread 0x00007f988c008e00 DEOPT UNPACKING pc=0x0000000111fb1b9b sp=0x0000000309aa2898 mode 0
Event: 0.412 Thread 0x00007f988c008e00 DEOPT PACKING pc=0x000000011256ec6e sp=0x0000000309aa3410
Event: 0.412 Thread 0x00007f988c008e00 DEOPT UNPACKING pc=0x0000000111fb1b9b sp=0x0000000309aa2898 mode 0
Event: 0.412 Thread 0x00007f988c008e00 DEOPT PACKING pc=0x000000011256ec6e sp=0x0000000309aa3410
Event: 0.412 Thread 0x00007f988c008e00 DEOPT UNPACKING pc=0x0000000111fb1b9b sp=0x0000000309aa2898 mode 0
Event: 0.414 Thread 0x00007f988c008e00 DEOPT PACKING pc=0x000000011256ec6e sp=0x0000000309aa4a70
Event: 0.414 Thread 0x00007f988c008e00 DEOPT UNPACKING pc=0x0000000111fb1b9b sp=0x0000000309aa3ef8 mode 0
Event: 0.415 Thread 0x00007f988c008e00 DEOPT PACKING pc=0x000000011256ec6e sp=0x0000000309aa4a70
Event: 0.415 Thread 0x00007f988c008e00 DEOPT UNPACKING pc=0x0000000111fb1b9b sp=0x0000000309aa3ef8 mode 0
Event: 0.415 Thread 0x00007f988c008e00 DEOPT PACKING pc=0x000000011256ec6e sp=0x0000000309aa4a70
Event: 0.415 Thread 0x00007f988c008e00 DEOPT UNPACKING pc=0x0000000111fb1b9b sp=0x0000000309aa3ef8 mode 0
Event: 0.415 Thread 0x00007f988c008e00 DEOPT PACKING pc=0x000000011256ec6e sp=0x0000000309aa4a70
Event: 0.415 Thread 0x00007f988c008e00 DEOPT UNPACKING pc=0x0000000111fb1b9b sp=0x0000000309aa3ef8 mode 0
Event: 0.416 Thread 0x00007f988c008e00 DEOPT PACKING pc=0x000000011256ec6e sp=0x0000000309aa3390
Event: 0.416 Thread 0x00007f988c008e00 DEOPT UNPACKING pc=0x0000000111fb1b9b sp=0x0000000309aa2818 mode 0
Event: 0.438 Thread 0x00007f988c008e00 DEOPT PACKING pc=0x000000011255281e sp=0x0000000309aa6f10
Event: 0.438 Thread 0x00007f988c008e00 DEOPT UNPACKING pc=0x0000000111fb1b9b sp=0x0000000309aa63c8 mode 0

Classes unloaded (0 events):
No events

Classes redefined (6 events):
Event: 55.310 Thread 0x00007f988bf13ed0 redefined class name=NextWordOrSeparatorTest, count=1
Event: 73.289 Thread 0x00007f988bf13ed0 redefined class name=NextWordOrSeparatorTest, count=2
Event: 190.069 Thread 0x00007f988bf13ed0 redefined class name=NextWordOrSeparatorTest, count=3
Event: 294.642 Thread 0x00007f988bf13ed0 redefined class name=NextWordOrSeparatorTest, count=4
Event: 305.503 Thread 0x00007f988bf13ed0 redefined class name=NextWordOrSeparatorTest, count=5
Event: 343.613 Thread 0x00007f988bf13ed0 redefined class name=NextWordOrSeparatorTest, count=6

Internal exceptions (1 events):
Event: 0.393 Thread 0x00007f988c008e00 Exception <a 'java/lang/NoSuchMethodError'{0x0000000787b0f580}: 'java.lang.Object java.lang.invoke.DirectMethodHandle$Holder.invokeStatic(java.lang.Object)'> (0x0000000787b0f580) 
thrown [./open/src/hotspot/share/interpreter/linkResolver.cpp, line 790]

Events (20 events):
Event: 294.664 Executing  VM operation: ChangeBreakpoints done
Event: 294.664 Executing  VM operation: ChangeBreakpoints
Event: 294.664 Executing  VM operation: ChangeBreakpoints done
Event: 305.502 Executing  VM operation: RedefineClasses
Event: 305.504 Executing  VM operation: RedefineClasses done
Event: 305.515 Executing  VM operation: ChangeBreakpoints
Event: 305.516 Executing  VM operation: ChangeBreakpoints done
Event: 305.521 Executing  VM operation: ChangeBreakpoints
Event: 305.521 Executing  VM operation: ChangeBreakpoints done
Event: 305.522 Executing  VM operation: ChangeBreakpoints
Event: 305.522 Executing  VM operation: ChangeBreakpoints done
Event: 343.613 Executing  VM operation: RedefineClasses
Event: 343.614 Executing  VM operation: RedefineClasses done
Event: 343.624 Executing  VM operation: ChangeBreakpoints
Event: 343.624 Executing  VM operation: ChangeBreakpoints done
Event: 343.630 Executing  VM operation: ChangeBreakpoints
Event: 343.630 Executing  VM operation: ChangeBreakpoints done
Event: 343.630 Executing  VM operation: ChangeBreakpoints
Event: 343.630 Executing  VM operation: ChangeBreakpoints done
Event: 347.206 Executing  VM operation: get/set locals


Dynamic libraries:
0x000000010b1dc000 	/Applications/Eclipse.app/Contents/Eclipse/plugins/org.eclipse.justj.openjdk.hotspot.jre.full.macosx.x86_64_16.0.1.v20210528-1205/jre/lib/libjli.dylib
0x00007ff81ed5e000 	/usr/lib/libz.1.dylib
0x00007ff81ee44000 	/usr/lib/libSystem.B.dylib
0x00007ff81ee3f000 	/usr/lib/system/libcache.dylib
0x00007ff81edfb000 	/usr/lib/system/libcommonCrypto.dylib
0x00007ff81ee24000 	/usr/lib/system/libcompiler_rt.dylib
0x00007ff81ee1a000 	/usr/lib/system/libcopyfile.dylib
0x00007ff8139ae000 	/usr/lib/system/libcorecrypto.dylib
0x00007ff813a6d000 	/usr/lib/system/libdispatch.dylib
0x00007ff813c2f000 	/usr/lib/system/libdyld.dylib
0x00007ff81ee36000 	/usr/lib/system/libkeymgr.dylib
0x00007ff81edd9000 	/usr/lib/system/libmacho.dylib
0x00007ff81e46a000 	/usr/lib/system/libquarantine.dylib
0x00007ff81ee34000 	/usr/lib/system/libremovefile.dylib
0x00007ff818aad000 	/usr/lib/system/libsystem_asl.dylib
0x00007ff81395c000 	/usr/lib/system/libsystem_blocks.dylib
0x00007ff813af4000 	/usr/lib/system/libsystem_c.dylib
0x00007ff81ee2c000 	/usr/lib/system/libsystem_collections.dylib
0x00007ff81d6a0000 	/usr/lib/system/libsystem_configuration.dylib
0x00007ff81c960000 	/usr/lib/system/libsystem_containermanager.dylib
0x00007ff81eb12000 	/usr/lib/system/libsystem_coreservices.dylib
0x00007ff81617b000 	/usr/lib/system/libsystem_darwin.dylib
0x00007ff81ee37000 	/usr/lib/system/libsystem_dnssd.dylib
0x00007ff813af1000 	/usr/lib/system/libsystem_featureflags.dylib
0x00007ff813c45000 	/usr/lib/system/libsystem_info.dylib
0x00007ff81ed71000 	/usr/lib/system/libsystem_m.dylib
0x00007ff813a41000 	/usr/lib/system/libsystem_malloc.dylib
0x00007ff818a4a000 	/usr/lib/system/libsystem_networkextension.dylib
0x00007ff8165a3000 	/usr/lib/system/libsystem_notify.dylib
0x00007ff825031000 	/usr/lib/system/libsystem_product_info_filter.dylib
0x00007ff81d6a4000 	/usr/lib/system/libsystem_sandbox.dylib
0x00007ff81ee31000 	/usr/lib/system/libsystem_secinit.dylib
0x00007ff813bec000 	/usr/lib/system/libsystem_kernel.dylib
0x00007ff813c3b000 	/usr/lib/system/libsystem_platform.dylib
0x00007ff813c23000 	/usr/lib/system/libsystem_pthread.dylib
0x00007ff81a371000 	/usr/lib/system/libsystem_symptoms.dylib
0x00007ff813995000 	/usr/lib/system/libsystem_trace.dylib
0x00007ff81ee07000 	/usr/lib/system/libunwind.dylib
0x00007ff81395e000 	/usr/lib/system/libxpc.dylib
0x00007ff813bd6000 	/usr/lib/libc++abi.dylib
0x00007ff813ab4000 	/usr/lib/libobjc.A.dylib
0x00007ff81ee12000 	/usr/lib/liboah.dylib
0x00007ff813b7d000 	/usr/lib/libc++.1.dylib
0x00007ff82ad60000 	/System/Library/Frameworks/Cocoa.framework/Versions/A/Cocoa
0x00007ff816601000 	/System/Library/Frameworks/AppKit.framework/Versions/C/AppKit
0x00007ff819b51000 	/System/Library/Frameworks/CoreData.framework/Versions/A/CoreData
0x00007ff814a1c000 	/System/Library/Frameworks/Foundation.framework/Versions/C/Foundation
0x00007ff81748e000 	/System/Library/PrivateFrameworks/UIFoundation.framework/Versions/A/UIFoundation
0x00007ff824d38000 	/System/Library/PrivateFrameworks/RemoteViewServices.framework/Versions/A/RemoteViewServices
0x00007ff81d037000 	/System/Library/PrivateFrameworks/XCTTargetBootstrap.framework/Versions/A/XCTTargetBootstrap
0x00007ff820d0f000 	/System/Library/PrivateFrameworks/InternationalSupport.framework/Versions/A/InternationalSupport
0x00007ff820d99000 	/System/Library/PrivateFrameworks/UserActivity.framework/Versions/A/UserActivity
0x00007ff8200f6000 	/usr/lib/libspindump.dylib
0x00007ff81771c000 	/System/Library/Frameworks/UniformTypeIdentifiers.framework/Versions/A/UniformTypeIdentifiers
0x00007ff81b776000 	/usr/lib/libapp_launch_measurement.dylib
0x00007ff81a52b000 	/System/Library/PrivateFrameworks/CoreAnalytics.framework/Versions/A/CoreAnalytics
0x00007ff81b779000 	/System/Library/PrivateFrameworks/CoreAutoLayout.framework/Versions/A/CoreAutoLayout
0x00007ff81c998000 	/System/Library/Frameworks/Metal.framework/Versions/A/Metal
0x00007ff81d6af000 	/usr/lib/liblangid.dylib
0x00007ff81d03b000 	/System/Library/PrivateFrameworks/CoreSVG.framework/Versions/A/CoreSVG
0x00007ff818ade000 	/System/Library/PrivateFrameworks/SkyLight.framework/Versions/A/SkyLight
0x00007ff818e6f000 	/System/Library/Frameworks/CoreGraphics.framework/Versions/A/CoreGraphics
0x00007ff8253a3000 	/System/Library/Frameworks/Accelerate.framework/Versions/A/Accelerate
0x00007ff81fb71000 	/System/Library/PrivateFrameworks/IconServices.framework/Versions/A/IconServices
0x00007ff81c97d000 	/System/Library/Frameworks/IOSurface.framework/Versions/A/IOSurface
0x00007ff81a559000 	/usr/lib/libDiagnosticMessagesClient.dylib
0x00007ff828a02000 	/System/Library/Frameworks/ApplicationServices.framework/Versions/A/ApplicationServices
0x00007ff81d023000 	/System/Library/PrivateFrameworks/DFRFoundation.framework/Versions/A/DFRFoundation
0x00007ff815ef2000 	/usr/lib/libicucore.A.dylib
0x00007ff821a31000 	/System/Library/Frameworks/AudioToolbox.framework/Versions/A/AudioToolbox
0x00007ff820d1b000 	/System/Library/PrivateFrameworks/DataDetectorsCore.framework/Versions/A/DataDetectorsCore
0x00007ff91c4b0000 	/System/Library/PrivateFrameworks/TextInput.framework/Versions/A/TextInput
0x00007ff818a61000 	/usr/lib/libMobileGestalt.dylib
0x00007ff81cd2b000 	/System/Library/Frameworks/Carbon.framework/Versions/A/Frameworks/HIToolbox.framework/Versions/A/HIToolbox
0x00007ff81b1a4000 	/System/Library/Frameworks/QuartzCore.framework/Versions/A/QuartzCore
0x00007ff815b93000 	/System/Library/Frameworks/Security.framework/Versions/A/Security
0x00007ff824d70000 	/System/Library/Frameworks/Carbon.framework/Versions/A/Frameworks/SpeechRecognition.framework/Versions/A/SpeechRecognition
0x00007ff81b4d6000 	/System/Library/PrivateFrameworks/CoreUI.framework/Versions/A/CoreUI
0x00007ff81546d000 	/System/Library/Frameworks/CoreAudio.framework/Versions/A/CoreAudio
0x00007ff81a647000 	/System/Library/Frameworks/DiskArbitration.framework/Versions/A/DiskArbitration
0x00007ff8204d9000 	/System/Library/PrivateFrameworks/MultitouchSupport.framework/Versions/A/MultitouchSupport
0x00007ff818a60000 	/usr/lib/libenergytrace.dylib
0x00007ff8164ed000 	/System/Library/Frameworks/IOKit.framework/Versions/A/IOKit
0x00007ff82515a000 	/System/Library/Frameworks/CoreServices.framework/Versions/A/CoreServices
0x00007ff81b710000 	/System/Library/PrivateFrameworks/PerformanceAnalysis.framework/Versions/A/PerformanceAnalysis
0x00007ffa2bf1f000 	/System/Library/Frameworks/OpenGL.framework/Versions/A/OpenGL
0x00007ff81e396000 	/System/Library/PrivateFrameworks/MobileKeyBag.framework/Versions/A/MobileKeyBag
0x00007ff81959e000 	/System/Library/Frameworks/ColorSync.framework/Versions/A/ColorSync
0x00007ff813c70000 	/System/Library/Frameworks/CoreFoundation.framework/Versions/A/CoreFoundation
0x00007ff81d2b6000 	/System/Library/Frameworks/CoreImage.framework/Versions/A/CoreImage
0x00007ff815283000 	/System/Library/Frameworks/CoreText.framework/Versions/A/CoreText
0x00007ff81d06a000 	/System/Library/Frameworks/ImageIO.framework/Versions/A/ImageIO
0x00007ff81ee4a000 	/System/Library/PrivateFrameworks/SoftLinking.framework/Versions/A/SoftLinking
0x00007ff81b7c1000 	/usr/lib/libxml2.2.dylib
0x00007ff81f0ca000 	/usr/lib/libcompression.dylib
0x00007ff820c45000 	/System/Library/PrivateFrameworks/TextureIO.framework/Versions/A/TextureIO
0x00007ff81f7ea000 	/usr/lib/libate.dylib
0x00007ff81f5a3000 	/usr/lib/liblzma.5.dylib
0x00007ff81472d000 	/System/Library/Frameworks/SystemConfiguration.framework/Versions/A/SystemConfiguration
0x00007ff81ee46000 	/usr/lib/libfakelink.dylib
0x00007ff8185b4000 	/System/Library/Frameworks/CFNetwork.framework/Versions/A/CFNetwork
0x00007ff81ef85000 	/usr/lib/libarchive.2.dylib
0x00007ff81d6ab000 	/System/Library/PrivateFrameworks/AppleSystemInfo.framework/Versions/A/AppleSystemInfo
0x00007ff81e490000 	/usr/lib/libbsm.0.dylib
0x00007ff817beb000 	/usr/lib/libnetwork.dylib
0x00007ff81eddf000 	/usr/lib/system/libkxld.dylib
0x00007ff81e0bf000 	/System/Library/PrivateFrameworks/IOMobileFramebuffer.framework/Versions/A/IOMobileFramebuffer
0x00007ffb298c1000 	/usr/lib/libCoreEntitlements.dylib
0x00007ff81eaf4000 	/System/Library/PrivateFrameworks/AppleFSCompression.framework/Versions/A/AppleFSCompression
0x00007ff81e479000 	/usr/lib/libcoretls.dylib
0x00007ff81f5bd000 	/usr/lib/libcoretls_cfhelpers.dylib
0x00007ff81f0c5000 	/usr/lib/libpam.2.dylib
0x00007ff819f97000 	/usr/lib/libsqlite3.dylib
0x00007ff81f62c000 	/usr/lib/libxar.1.dylib
0x00007ff81eb04000 	/usr/lib/libbz2.1.0.dylib
0x00007ff81ee4b000 	/usr/lib/libpcap.A.dylib
0x00007ff81a368000 	/usr/lib/libdns_services.dylib
0x00007ff81f097000 	/usr/lib/libapple_nghttp2.dylib
0x00007ff81ee82000 	/usr/lib/libiconv.2.dylib
0x00007ff81edd8000 	/usr/lib/libcharset.1.dylib
0x00007ff81b744000 	/System/Library/Frameworks/CoreServices.framework/Versions/A/Frameworks/FSEvents.framework/Versions/A/FSEvents
0x00007ff816185000 	/System/Library/Frameworks/CoreServices.framework/Versions/A/Frameworks/CarbonCore.framework/Versions/A/CarbonCore
0x00007ff81a5ac000 	/System/Library/Frameworks/CoreServices.framework/Versions/A/Frameworks/Metadata.framework/Versions/A/Metadata
0x00007ff81eb17000 	/System/Library/Frameworks/CoreServices.framework/Versions/A/Frameworks/OSServices.framework/Versions/A/OSServices
0x00007ff81f00b000 	/System/Library/Frameworks/CoreServices.framework/Versions/A/Frameworks/SearchKit.framework/Versions/A/SearchKit
0x00007ff81a2fa000 	/System/Library/Frameworks/CoreServices.framework/Versions/A/Frameworks/AE.framework/Versions/A/AE
0x00007ff814171000 	/System/Library/Frameworks/CoreServices.framework/Versions/A/Frameworks/LaunchServices.framework/Versions/A/LaunchServices
0x00007ff81f554000 	/System/Library/Frameworks/CoreServices.framework/Versions/A/Frameworks/DictionaryServices.framework/Versions/A/DictionaryServices
0x00007ff81b751000 	/System/Library/Frameworks/CoreServices.framework/Versions/A/Frameworks/SharedFileList.framework/Versions/A/SharedFileList
0x00007ff81e46d000 	/usr/lib/libCheckFix.dylib
0x00007ff818ac4000 	/System/Library/PrivateFrameworks/TCC.framework/Versions/A/TCC
0x00007ff81d6b1000 	/System/Library/PrivateFrameworks/CoreNLP.framework/Versions/A/CoreNLP
0x00007ff81a55c000 	/System/Library/PrivateFrameworks/MetadataUtilities.framework/Versions/A/MetadataUtilities
0x00007ff8147dd000 	/usr/lib/libmecabra.dylib
0x00007ff81e4a0000 	/usr/lib/libmecab.dylib
0x00007ff8147a8000 	/usr/lib/libCRFSuite.dylib
0x00007ff81e4fd000 	/usr/lib/libgermantok.dylib
0x00007ff81f072000 	/usr/lib/libThaiTokenizer.dylib
0x00007ff81a64e000 	/System/Library/Frameworks/Accelerate.framework/Versions/A/Frameworks/vImage.framework/Versions/A/vImage
0x00007ff825131000 	/System/Library/Frameworks/Accelerate.framework/Versions/A/Frameworks/vecLib.framework/Versions/A/vecLib
0x00007ff81f66d000 	/System/Library/Frameworks/Accelerate.framework/Versions/A/Frameworks/vecLib.framework/Versions/A/libvMisc.dylib
0x00007ff81deb3000 	/System/Library/Frameworks/Accelerate.framework/Versions/A/Frameworks/vecLib.framework/Versions/A/libvDSP.dylib
0x00007ff8144e9000 	/System/Library/Frameworks/Accelerate.framework/Versions/A/Frameworks/vecLib.framework/Versions/A/libBLAS.dylib
0x00007ff81f1a7000 	/System/Library/Frameworks/Accelerate.framework/Versions/A/Frameworks/vecLib.framework/Versions/A/libLAPACK.dylib
0x00007ff81e500000 	/System/Library/Frameworks/Accelerate.framework/Versions/A/Frameworks/vecLib.framework/Versions/A/libLinearAlgebra.dylib
0x00007ff81f0b0000 	/System/Library/Frameworks/Accelerate.framework/Versions/A/Frameworks/vecLib.framework/Versions/A/libSparseBLAS.dylib
0x00007ff81f1a1000 	/System/Library/Frameworks/Accelerate.framework/Versions/A/Frameworks/vecLib.framework/Versions/A/libQuadrature.dylib
0x00007ff81d79b000 	/System/Library/Frameworks/Accelerate.framework/Versions/A/Frameworks/vecLib.framework/Versions/A/libBNNS.dylib
0x00007ff8146be000 	/System/Library/Frameworks/Accelerate.framework/Versions/A/Frameworks/vecLib.framework/Versions/A/libSparse.dylib
0x00007ff81d794000 	/System/Library/PrivateFrameworks/LinguisticData.framework/Versions/A/LinguisticData
0x00007ff814673000 	/System/Library/PrivateFrameworks/Lexicon.framework/Versions/A/Lexicon
0x00007ff81f666000 	/usr/lib/libChineseTokenizer.dylib
0x00007ff814dd7000 	/System/Library/PrivateFrameworks/LanguageModeling.framework/Versions/A/LanguageModeling
0x00007ff81f074000 	/System/Library/PrivateFrameworks/AppleSauce.framework/Versions/A/AppleSauce
0x00007ff81e0ad000 	/System/Library/PrivateFrameworks/CoreEmoji.framework/Versions/A/CoreEmoji
0x00007ff81ef74000 	/usr/lib/libcmph.dylib
0x00007ff81b728000 	/System/Library/Frameworks/OpenDirectory.framework/Versions/A/Frameworks/CFOpenDirectory.framework/Versions/A/CFOpenDirectory
0x00007ff81b71c000 	/System/Library/Frameworks/OpenDirectory.framework/Versions/A/OpenDirectory
0x00007ff81f5bf000 	/System/Library/PrivateFrameworks/APFS.framework/Versions/A/APFS
0x00007ff81e3ce000 	/System/Library/Frameworks/SecurityFoundation.framework/Versions/A/SecurityFoundation
0x00007ff81f63a000 	/usr/lib/libutil.dylib
0x00007ff8164b0000 	/System/Library/PrivateFrameworks/CoreServicesStore.framework/Versions/A/CoreServicesStore
0x00007ff81f63e000 	/usr/lib/libxslt.1.dylib
0x00007ff81e45b000 	/System/Library/PrivateFrameworks/BackgroundTaskManagement.framework/Versions/A/BackgroundTaskManagement
0x00007ff820b67000 	/System/Library/Frameworks/ImageIO.framework/Versions/A/Resources/libRadiance.dylib
0x00007ff820b70000 	/System/Library/Frameworks/ImageIO.framework/Versions/A/Resources/libJPEG.dylib
0x00007ff820ac1000 	/System/Library/Frameworks/ImageIO.framework/Versions/A/Resources/libPng.dylib
0x00007ff820ae2000 	/System/Library/Frameworks/ImageIO.framework/Versions/A/Resources/libTIFF.dylib
0x00007ff820bce000 	/System/Library/Frameworks/ImageIO.framework/Versions/A/Resources/libGIF.dylib
0x00007ff8203f6000 	/System/Library/Frameworks/ImageIO.framework/Versions/A/Resources/libJP2.dylib
0x00007ff81fb38000 	/usr/lib/libexpat.1.dylib
0x00007ff8203ab000 	/System/Library/PrivateFrameworks/AppleJPEG.framework/Versions/A/AppleJPEG
0x00007ff81cbf2000 	/System/Library/PrivateFrameworks/FontServices.framework/libFontParser.dylib
0x00007ff81a2a4000 	/System/Library/PrivateFrameworks/RunningBoardServices.framework/Versions/A/RunningBoardServices
0x00007ff82b2d1000 	/System/Library/PrivateFrameworks/IOSurfaceAccelerator.framework/Versions/A/IOSurfaceAccelerator
0x00007ff8204d5000 	/System/Library/PrivateFrameworks/WatchdogClient.framework/Versions/A/WatchdogClient
0x00007ff814ec6000 	/System/Library/Frameworks/CoreDisplay.framework/Versions/A/CoreDisplay
0x00007ff81caf2000 	/System/Library/Frameworks/CoreMedia.framework/Versions/A/CoreMedia
0x00007ff81c98f000 	/System/Library/PrivateFrameworks/IOAccelerator.framework/Versions/A/IOAccelerator
0x00007ff81b8a4000 	/System/Library/Frameworks/CoreVideo.framework/Versions/A/CoreVideo
0x00007ff81f0c3000 	/System/Library/Frameworks/MetalPerformanceShaders.framework/Versions/A/MetalPerformanceShaders
0x00007ff820510000 	/System/Library/Frameworks/VideoToolbox.framework/Versions/A/VideoToolbox
0x00007ff81a1ec000 	/System/Library/PrivateFrameworks/BaseBoard.framework/Versions/A/BaseBoard
0x00007ff819f7d000 	/System/Library/PrivateFrameworks/ProtocolBuffer.framework/Versions/A/ProtocolBuffer
0x00007ff820b60000 	/System/Library/PrivateFrameworks/GPUWrangler.framework/Versions/A/GPUWrangler
0x00007ff820b43000 	/System/Library/PrivateFrameworks/IOPresentment.framework/Versions/A/IOPresentment
0x00007ff820b6a000 	/System/Library/PrivateFrameworks/DSExternalDisplay.framework/Versions/A/DSExternalDisplay
0x00007ffa2bf13000 	/System/Library/Frameworks/OpenGL.framework/Versions/A/Libraries/libCoreFSCache.dylib
0x00007ffb17ec0000 	/System/Library/PrivateFrameworks/GPUCompiler.framework/Versions/31001/Libraries/libGPUCompilerUtils.dylib
0x00007ff820bd3000 	/System/Library/PrivateFrameworks/CMCaptureCore.framework/Versions/A/CMCaptureCore
0x00007ff8200e4000 	/System/Library/PrivateFrameworks/AppServerSupport.framework/Versions/A/AppServerSupport
0x00007ff8222ae000 	/System/Library/PrivateFrameworks/perfdata.framework/Versions/A/perfdata
0x00007ff814ff2000 	/System/Library/PrivateFrameworks/AudioToolboxCore.framework/Versions/A/AudioToolboxCore
0x00007ff81cacf000 	/System/Library/PrivateFrameworks/caulk.framework/Versions/A/caulk
0x00007ff821bdb000 	/usr/lib/libAudioStatistics.dylib
0x00007ff918d6f000 	/System/Library/PrivateFrameworks/SystemPolicy.framework/Versions/A/SystemPolicy
0x00007ff821e27000 	/usr/lib/libSMC.dylib
0x00007ff82ac13000 	/System/Library/Frameworks/CoreMIDI.framework/Versions/A/CoreMIDI
0x00007ff820a91000 	/usr/lib/libAudioToolboxUtility.dylib
0x00007ff9151f7000 	/System/Library/PrivateFrameworks/OSAServicesClient.framework/Versions/A/OSAServicesClient
0x00007ff8222bb000 	/usr/lib/libperfcheck.dylib
0x00007ff9197fb000 	/usr/lib/libmis.dylib
0x00007ffa2bf6f000 	/System/Library/Frameworks/OpenGL.framework/Versions/A/Libraries/libGLU.dylib
0x00007ffa2bf32000 	/System/Library/Frameworks/OpenGL.framework/Versions/A/Libraries/libGFXShared.dylib
0x00007ffa2c140000 	/System/Library/Frameworks/OpenGL.framework/Versions/A/Libraries/libGL.dylib
0x00007ffa2bf3b000 	/System/Library/Frameworks/OpenGL.framework/Versions/A/Libraries/libGLImage.dylib
0x00007ffa2bf2f000 	/System/Library/Frameworks/OpenGL.framework/Versions/A/Libraries/libCVMSPluginSupport.dylib
0x00007ffa2bf1a000 	/System/Library/Frameworks/OpenGL.framework/Versions/A/Libraries/libCoreVMClient.dylib
0x00007ff81d62f000 	/System/Library/Frameworks/MetalPerformanceShaders.framework/Versions/A/Frameworks/MPSCore.framework/Versions/A/MPSCore
0x00007ff81ea5f000 	/System/Library/Frameworks/MetalPerformanceShaders.framework/Versions/A/Frameworks/MPSImage.framework/Versions/A/MPSImage
0x00007ff81e516000 	/System/Library/Frameworks/MetalPerformanceShaders.framework/Versions/A/Frameworks/MPSNeuralNetwork.framework/Versions/A/MPSNeuralNetwork
0x00007ff81e98b000 	/System/Library/Frameworks/MetalPerformanceShaders.framework/Versions/A/Frameworks/MPSMatrix.framework/Versions/A/MPSMatrix
0x00007ff81e747000 	/System/Library/Frameworks/MetalPerformanceShaders.framework/Versions/A/Frameworks/MPSRayIntersector.framework/Versions/A/MPSRayIntersector
0x00007ff81e9c4000 	/System/Library/Frameworks/MetalPerformanceShaders.framework/Versions/A/Frameworks/MPSNDArray.framework/Versions/A/MPSNDArray
0x00007ffa30b18000 	/System/Library/Frameworks/MetalPerformanceShaders.framework/Versions/A/Frameworks/MPSFunctions.framework/Versions/A/MPSFunctions
0x00007ff8143cc000 	/System/Library/PrivateFrameworks/MetalTools.framework/Versions/A/MetalTools
0x00007ff81d6a9000 	/System/Library/PrivateFrameworks/AggregateDictionary.framework/Versions/A/AggregateDictionary
0x00007ff81f91a000 	/usr/lib/libIOReport.dylib
0x00007ffa2d54f000 	/System/Library/Frameworks/OpenCL.framework/Versions/A/OpenCL
0x00007ff81fc7e000 	/System/Library/PrivateFrameworks/FaceCore.framework/Versions/A/FaceCore
0x00007ff81fc6f000 	/System/Library/PrivateFrameworks/GraphVisualizer.framework/Versions/A/GraphVisualizer
0x00007ffb17dcb000 	/System/Library/PrivateFrameworks/FontServices.framework/Versions/A/FontServices
0x00007ff82009b000 	/System/Library/PrivateFrameworks/OTSVG.framework/Versions/A/OTSVG
0x00007ff81b48c000 	/System/Library/Frameworks/ApplicationServices.framework/Versions/A/Frameworks/ATS.framework/Versions/A/Resources/libFontRegistry.dylib
0x00007ff8200ec000 	/System/Library/PrivateFrameworks/FontServices.framework/libhvf.dylib
0x00007ffb17dcc000 	/System/Library/PrivateFrameworks/FontServices.framework/libXTFontStaticRegistryData.dylib
0x00007ff81fae8000 	/System/Library/PrivateFrameworks/AppleVA.framework/Versions/A/AppleVA
0x00007ff821bfb000 	/System/Library/Frameworks/ApplicationServices.framework/Versions/A/Frameworks/ATS.framework/Versions/A/ATS
0x00007ff81969a000 	/System/Library/Frameworks/ApplicationServices.framework/Versions/A/Frameworks/HIServices.framework/Versions/A/HIServices
0x00007ff820bdd000 	/System/Library/Frameworks/ApplicationServices.framework/Versions/A/Frameworks/PrintCore.framework/Versions/A/PrintCore
0x00007ff821f7a000 	/System/Library/Frameworks/ApplicationServices.framework/Versions/A/Frameworks/QD.framework/Versions/A/QD
0x00007ff821f72000 	/System/Library/Frameworks/ApplicationServices.framework/Versions/A/Frameworks/ColorSyncLegacy.framework/Versions/A/ColorSyncLegacy
0x00007ff821beb000 	/System/Library/Frameworks/ApplicationServices.framework/Versions/A/Frameworks/SpeechSynthesis.framework/Versions/A/SpeechSynthesis
0x00007ff820b9e000 	/System/Library/Frameworks/ApplicationServices.framework/Versions/A/Frameworks/ATSUI.framework/Versions/A/ATSUI
0x00007ff821f07000 	/usr/lib/libcups.2.dylib
0x00007ff8222ca000 	/System/Library/Frameworks/Kerberos.framework/Versions/A/Kerberos
0x00007ff8222d9000 	/System/Library/Frameworks/GSS.framework/Versions/A/GSS
0x00007ff821c67000 	/usr/lib/libresolv.9.dylib
0x00007ff8200fb000 	/System/Library/PrivateFrameworks/Heimdal.framework/Versions/A/Heimdal
0x00007ff828d7d000 	/System/Library/Frameworks/Kerberos.framework/Versions/A/Libraries/libHeimdalProxy.dylib
0x00007ff81a379000 	/System/Library/Frameworks/Network.framework/Versions/A/Network
0x00007ff81fb52000 	/usr/lib/libheimdal-asn1.dylib
0x00007ff822324000 	/System/Library/PrivateFrameworks/CommonAuth.framework/Versions/A/CommonAuth
0x00007ff821b6c000 	/System/Library/PrivateFrameworks/AudioSession.framework/Versions/A/AudioSession
0x00007ff81fbe2000 	/System/Library/PrivateFrameworks/MediaExperience.framework/Versions/A/MediaExperience
0x00007ff821a00000 	/System/Library/PrivateFrameworks/AudioSession.framework/libSessionUtility.dylib
0x00007ff821f86000 	/System/Library/PrivateFrameworks/AudioResourceArbitration.framework/Versions/A/AudioResourceArbitration
0x00007ff81fb5b000 	/System/Library/PrivateFrameworks/IconFoundation.framework/Versions/A/IconFoundation
0x00007ff824d60000 	/System/Library/PrivateFrameworks/SpeechRecognitionCore.framework/Versions/A/SpeechRecognitionCore
0x000000010c27b000 	/Applications/Eclipse.app/Contents/Eclipse/plugins/org.eclipse.justj.openjdk.hotspot.jre.full.macosx.x86_64_16.0.1.v20210528-1205/jre/lib/server/libjvm.dylib
0x000000010b27a000 	/Applications/Eclipse.app/Contents/Eclipse/plugins/org.eclipse.justj.openjdk.hotspot.jre.full.macosx.x86_64_16.0.1.v20210528-1205/jre/lib/libjimage.dylib
0x000000010b2d6000 	/Applications/Eclipse.app/Contents/Eclipse/plugins/org.eclipse.justj.openjdk.hotspot.jre.full.macosx.x86_64_16.0.1.v20210528-1205/jre/lib/libjdwp.dylib
0x000000010b380000 	/Applications/Eclipse.app/Contents/Eclipse/plugins/org.eclipse.justj.openjdk.hotspot.jre.full.macosx.x86_64_16.0.1.v20210528-1205/jre/lib/libjava.dylib
0x000000010b295000 	/Applications/Eclipse.app/Contents/Eclipse/plugins/org.eclipse.justj.openjdk.hotspot.jre.full.macosx.x86_64_16.0.1.v20210528-1205/jre/lib/libinstrument.dylib
0x000000010c226000 	/Applications/Eclipse.app/Contents/Eclipse/plugins/org.eclipse.justj.openjdk.hotspot.jre.full.macosx.x86_64_16.0.1.v20210528-1205/jre/lib/libzip.dylib
0x00000001295c9000 	/Applications/Eclipse.app/Contents/Eclipse/plugins/org.eclipse.justj.openjdk.hotspot.jre.full.macosx.x86_64_16.0.1.v20210528-1205/jre/lib/libdt_socket.dylib
0x00000001295e5000 	/Applications/Eclipse.app/Contents/Eclipse/plugins/org.eclipse.justj.openjdk.hotspot.jre.full.macosx.x86_64_16.0.1.v20210528-1205/jre/lib/libnio.dylib
0x0000000129615000 	/Applications/Eclipse.app/Contents/Eclipse/plugins/org.eclipse.justj.openjdk.hotspot.jre.full.macosx.x86_64_16.0.1.v20210528-1205/jre/lib/libnet.dylib
0x00000001296f6000 	/Applications/Eclipse.app/Contents/Eclipse/plugins/org.eclipse.justj.openjdk.hotspot.jre.full.macosx.x86_64_16.0.1.v20210528-1205/jre/lib/libverify.dylib


VM Arguments:
jvm_args: -XX:+ShowCodeDetailsInExceptionMessages -agentlib:jdwp=transport=dt_socket,suspend=y,address=localhost:51967 -enableassertions -javaagent:/Applications/Eclipse.app/Contents/Eclipse/configuration/org.eclipse.osgi/667/0/.cp/lib/javaagent-shaded.jar -Dfile.encoding=UTF-8 
java_command: NextWordOrSeparatorTest
java_class_path (initial): /Users/shyamsaibethina/Desktop/Sofware 1/workspace/NextWordOrSeparator/bin:/Users/shyamsaibethina/Desktop/Sofware 1/components.jar:/Applications/Eclipse.app/Contents/Eclipse/plugins/org.junit_4.13.0.v20200204-1500.jar:/Applications/Eclipse.app/Contents/Eclipse/plugins/org.hamcrest.core_1.3.0.v20180420-1519.jar
Launcher Type: SUN_STANDARD

[Global flags]
     intx CICompilerCount                          = 4                                         {product} {ergonomic}
     uint ConcGCThreads                            = 2                                         {product} {ergonomic}
     uint G1ConcRefinementThreads                  = 8                                         {product} {ergonomic}
   size_t G1HeapRegionSize                         = 1048576                                   {product} {ergonomic}
    uintx GCDrainStackTargetSize                   = 64                                        {product} {ergonomic}
   size_t InitialHeapSize                          = 134217728                                 {product} {ergonomic}
   size_t MarkStackSize                            = 4194304                                   {product} {ergonomic}
   size_t MaxHeapSize                              = 2147483648                                {product} {ergonomic}
   size_t MaxNewSize                               = 1287651328                                {product} {ergonomic}
   size_t MinHeapDeltaBytes                        = 1048576                                   {product} {ergonomic}
   size_t MinHeapSize                              = 8388608                                   {product} {ergonomic}
    uintx NonNMethodCodeHeapSize                   = 5839372                                {pd product} {ergonomic}
    uintx NonProfiledCodeHeapSize                  = 122909434                              {pd product} {ergonomic}
    uintx ProfiledCodeHeapSize                     = 122909434                              {pd product} {ergonomic}
    uintx ReservedCodeCacheSize                    = 251658240                              {pd product} {ergonomic}
     bool SegmentedCodeCache                       = true                                      {product} {ergonomic}
     bool ShowCodeDetailsInExceptionMessages       = true                                   {manageable} {command line}
   size_t SoftMaxHeapSize                          = 2147483648                             {manageable} {ergonomic}
     bool UseCompressedClassPointers               = true                           {product lp64_product} {ergonomic}
     bool UseCompressedOops                        = true                           {product lp64_product} {ergonomic}
     bool UseG1GC                                  = true                                      {product} {ergonomic}
     bool UseNUMA                                  = false                                     {product} {ergonomic}
     bool UseNUMAInterleaving                      = false                                     {product} {ergonomic}

Logging:
Log output configuration:
 #0: stdout all=warning uptime,level,tags
 #1: stderr all=off uptime,level,tags

Environment Variables:
PATH=/usr/bin:/bin:/usr/sbin:/sbin
SHELL=/bin/zsh

Signal Handlers:
SIGSEGV: [libjvm.dylib+0xa7da90], sa_mask[0]=11100110100111111111111111111111, sa_flags=SA_ONSTACK|SA_RESTART|SA_SIGINFO
SIGBUS: [libjvm.dylib+0xa7da90], sa_mask[0]=11100110100111111111111111111111, sa_flags=SA_RESTART|SA_SIGINFO
SIGFPE: [libjvm.dylib+0xa7da90], sa_mask[0]=11100110100111111111111111111111, sa_flags=SA_RESTART|SA_SIGINFO
SIGPIPE: [libjvm.dylib+0x947540], sa_mask[0]=11100110100111111111111111111111, sa_flags=SA_RESTART|SA_SIGINFO
SIGXFSZ: [libjvm.dylib+0x947540], sa_mask[0]=11100110100111111111111111111111, sa_flags=SA_RESTART|SA_SIGINFO
SIGILL: [libjvm.dylib+0xa7da90], sa_mask[0]=11100110100111111111111111111111, sa_flags=SA_RESTART|SA_SIGINFO
SIGUSR2: [libjvm.dylib+0x947ff0], sa_mask[0]=00100000000000000000000000000000, sa_flags=SA_RESTART|SA_SIGINFO
SIGHUP: [libjvm.dylib+0x9465b0], sa_mask[0]=11100110100111111111111111111111, sa_flags=SA_RESTART|SA_SIGINFO
SIGINT: [libjvm.dylib+0x9465b0], sa_mask[0]=11100110100111111111111111111111, sa_flags=SA_RESTART|SA_SIGINFO
SIGTERM: [libjvm.dylib+0x9465b0], sa_mask[0]=11100110100111111111111111111111, sa_flags=SA_RESTART|SA_SIGINFO
SIGQUIT: [libjvm.dylib+0x9465b0], sa_mask[0]=11100110100111111111111111111111, sa_flags=SA_RESTART|SA_SIGINFO
SIGTRAP: [libjvm.dylib+0xa7da90], sa_mask[0]=11100110100111111111111111111111, sa_flags=SA_RESTART|SA_SIGINFO


---------------  S Y S T E M  ---------------

OS:uname: Darwin 21.1.0 Darwin Kernel Version 21.1.0: Wed Oct 13 17:33:24 PDT 2021; root:xnu-8019.41.5~1/RELEASE_ARM64_T8101 x86_64
OS uptime: 1 days 17:33 hours
rlimit (soft/hard): STACK 8176k/65520k , CORE 0k/infinity , NPROC 1333/2000 , NOFILE 10240/infinity , AS infinity/infinity , CPU infinity/infinity , DATA infinity/infinity , FSIZE infinity/infinity , MEMLOCK infinity/infinity , RSS infinity/infinity
load average: 2.04 1.56 1.57

CPU: total 8 (initial active 8) (1 cores per cpu, 1 threads per core) family 6 model 44 stepping 0 microcode 0x0, cx8, cmov, fxsr, mmx, sse, sse2, sse3, ssse3, sse4.1, sse4.2, popcnt, tsc, tscinvbit, aes, clmul, clflush

Memory: 4k page, physical 8388608k(42744k free), swap 2097152k(1514752k free)

vm_info: OpenJDK 64-Bit Server VM (16.0.1+9-24) for bsd-amd64 JRE (16.0.1+9-24), built on Mar 26 2021 18:17:32 by "mach5one" with clang 4.2.1 Compatible Apple LLVM 11.0.0 (clang-1100.0.33.17)

END.
